生成启动时间为 2015/6/1 15:51:20。
     1>项目“C:\Users\wulala1119\documents\visual studio 2012\Projects\MultiTemplateMatch\test\test.vcxproj”在节点 3 上(Rebuild 个目标)。
     1>ClCompile:
         D:\Program Files (x86)\Microsoft Visual Studio 11.0\VC\bin\CL.exe /c /ZI /nologo /W3 /WX- /Od /Oy- /D _MBCS /Gm /EHsc /RTC1 /MDd /GS /fp:precise /Zc:wchar_t /Zc:forScope /Fo"Debug\\" /Fd"Debug\vc110.pdb" /Gd /TP /analyze- /errorReport:prompt ..\MultiTemplateMatch\addGaussian.cpp ..\MultiTemplateMatch\tracking.cpp test.cpp
         test.cpp
         tracking.cpp
     1>c:\users\wulala1119\documents\visual studio 2012\projects\multitemplatematch\multitemplatematch\tracking.cpp(67): warning C4244: “=”: 从“double”转换到“float”，可能丢失数据
     1>c:\users\wulala1119\documents\visual studio 2012\projects\multitemplatematch\multitemplatematch\tracking.cpp(69): warning C4244: “=”: 从“double”转换到“float”，可能丢失数据
         addGaussian.cpp
     1>c:\users\wulala1119\documents\visual studio 2012\projects\multitemplatematch\multitemplatematch\addgaussian.cpp(10): warning C4244: “=”: 从“double”转换到“float”，可能丢失数据
         正在生成代码...
       Link:
         D:\Program Files (x86)\Microsoft Visual Studio 11.0\VC\bin\link.exe /ERRORREPORT:PROMPT /OUT:"C:\Users\wulala1119\documents\visual studio 2012\Projects\MultiTemplateMatch\Debug\test.exe" /INCREMENTAL /NOLOGO opencv_calib3d246d.lib opencv_contrib246d.lib opencv_core246d.lib opencv_features2d246d.lib opencv_flann246d.lib opencv_gpu246d.lib opencv_highgui246d.lib opencv_imgproc246d.lib opencv_legacy246d.lib opencv_ml246d.lib opencv_objdetect246d.lib opencv_ts246d.lib opencv_video246d.lib kernel32.lib user32.lib gdi32.lib winspool.lib comdlg32.lib advapi32.lib shell32.lib ole32.lib oleaut32.lib uuid.lib odbc32.lib odbccp32.lib /MANIFEST /MANIFESTUAC:"level='asInvoker' uiAccess='false'" /manifest:embed /DEBUG /PDB:"C:\Users\wulala1119\documents\visual studio 2012\Projects\MultiTemplateMatch\Debug\test.pdb" /TLBID:1 /DYNAMICBASE /NXCOMPAT /IMPLIB:"C:\Users\wulala1119\documents\visual studio 2012\Projects\MultiTemplateMatch\Debug\test.lib" /MACHINE:X86 Debug\addGaussian.obj
         Debug\tracking.obj
         Debug\test.obj
     1>tracking.obj : error LNK2019: 无法解析的外部符号 "public: void __thiscall Object::similarityMat2Position(void)" (?similarityMat2Position@Object@@QAEXXZ)，该符号在函数 "void __cdecl tracking(class cv::Mat &,class Object &)" (?tracking@@YAXAAVMat@cv@@AAVObject@@@Z) 中被引用
     1>tracking.obj : error LNK2019: 无法解析的外部符号 "void __cdecl getFeature(class cv::Mat &,class cv::Mat &,float *)" (?getFeature@@YAXAAVMat@cv@@0PAM@Z)，该符号在函数 "void __cdecl tracking(class cv::Mat &,class Object &)" (?tracking@@YAXAAVMat@cv@@AAVObject@@@Z) 中被引用
     1>tracking.obj : error LNK2019: 无法解析的外部符号 "class std::vector<double,class std::allocator<double> > __cdecl calSimilarity(class cv::Mat &,class cv::Mat &,struct NCC)" (?calSimilarity@@YA?AV?$vector@NV?$allocator@N@std@@@std@@AAVMat@cv@@0UNCC@@@Z)，该符号在函数 "void __cdecl tracking(class cv::Mat &,class Object &)" (?tracking@@YAXAAVMat@cv@@AAVObject@@@Z) 中被引用
     1>C:\Users\wulala1119\documents\visual studio 2012\Projects\MultiTemplateMatch\Debug\test.exe : fatal error LNK1120: 3 个无法解析的外部命令
     1>已完成生成项目“C:\Users\wulala1119\documents\visual studio 2012\Projects\MultiTemplateMatch\test\test.vcxproj”(Rebuild 个目标)的操作 - 失败。

生成失败。

已用时间 00:00:02.41
